
> storybook-8@1.0.0 build-storybook
> storybook build --output-dir C:\Users\Ale\AppData\Local\Temp\chromatic--18448-ZJPHpU2L9HdR

@storybook/cli v8.0.4

info => Cleaning outputDir: C:\Users\Ale\AppData\Local\Temp\chromatic--18448-ZJPHpU2L9HdR
info => Loading presets
info => Building manager..
info => Manager built (225 ms)
info => Building preview..
[36mvite v5.2.4 [32mbuilding for production...[36m[39m
transforming...
[32m✓[39m 85 modules transformed.
rendering chunks...
[2mC:/Users/Ale/AppData/Local/Temp/chromatic--18448-ZJPHpU2L9HdR/[22m[32miframe.html                          [39m[1m[2m 12.98 kB[22m[1m[22m
[2mC:/Users/Ale/AppData/Local/Temp/chromatic--18448-ZJPHpU2L9HdR/[22m[35massets/Header-BjLH3naM.css           [39m[1m[2m  0.51 kB[22m[1m[22m
[2mC:/Users/Ale/AppData/Local/Temp/chromatic--18448-ZJPHpU2L9HdR/[22m[35massets/Button-tzB_XjnQ.css           [39m[1m[2m  0.52 kB[22m[1m[22m
[2mC:/Users/Ale/AppData/Local/Temp/chromatic--18448-ZJPHpU2L9HdR/[22m[35massets/Page-B9ntr4df.css             [39m[1m[2m  0.93 kB[22m[1m[22m
[2mC:/Users/Ale/AppData/Local/Temp/chromatic--18448-ZJPHpU2L9HdR/[22m[36massets/preview-B4GcaC1c.js           [39m[1m[2m  0.07 kB[22m[1m[22m
[2mC:/Users/Ale/AppData/Local/Temp/chromatic--18448-ZJPHpU2L9HdR/[22m[36massets/preview-CIRcjyVj.js           [39m[1m[2m  0.11 kB[22m[1m[22m
[2mC:/Users/Ale/AppData/Local/Temp/chromatic--18448-ZJPHpU2L9HdR/[22m[36massets/_commonjsHelpers-Cpj98o6Y.js  [39m[1m[2m  0.24 kB[22m[1m[22m
[2mC:/Users/Ale/AppData/Local/Temp/chromatic--18448-ZJPHpU2L9HdR/[22m[36massets/preview-C6t8KBFr.js           [39m[1m[2m  0.66 kB[22m[1m[22m
[2mC:/Users/Ale/AppData/Local/Temp/chromatic--18448-ZJPHpU2L9HdR/[22m[36massets/index-DrFu-skq.js             [39m[1m[2m  0.77 kB[22m[1m[22m
[2mC:/Users/Ale/AppData/Local/Temp/chromatic--18448-ZJPHpU2L9HdR/[22m[36massets/Header.stories-Kqt9bD7B.js    [39m[1m[2m  0.77 kB[22m[1m[22m
[2mC:/Users/Ale/AppData/Local/Temp/chromatic--18448-ZJPHpU2L9HdR/[22m[36massets/preview-CYD85dwb.js           [39m[1m[2m  0.84 kB[22m[1m[22m
[2mC:/Users/Ale/AppData/Local/Temp/chromatic--18448-ZJPHpU2L9HdR/[22m[36massets/preview-CP_iu-r_.js           [39m[1m[2m  1.11 kB[22m[1m[22m
[2mC:/Users/Ale/AppData/Local/Temp/chromatic--18448-ZJPHpU2L9HdR/[22m[36massets/Button.stories-Bm9RwHI4.js    [39m[1m[2m  1.27 kB[22m[1m[22m
[2mC:/Users/Ale/AppData/Local/Temp/chromatic--18448-ZJPHpU2L9HdR/[22m[36massets/Button-C-gWSifp.js            [39m[1m[2m  1.34 kB[22m[1m[22m
[2mC:/Users/Ale/AppData/Local/Temp/chromatic--18448-ZJPHpU2L9HdR/[22m[36massets/Header-Cbg_5odD.js            [39m[1m[2m  1.36 kB[22m[1m[22m
[2mC:/Users/Ale/AppData/Local/Temp/chromatic--18448-ZJPHpU2L9HdR/[22m[36massets/preview-Ih3kd8Y7.js           [39m[1m[2m  2.48 kB[22m[1m[22m
[2mC:/Users/Ale/AppData/Local/Temp/chromatic--18448-ZJPHpU2L9HdR/[22m[36massets/preview-B63p-W8V.js           [39m[1m[2m  3.10 kB[22m[1m[22m
[2mC:/Users/Ale/AppData/Local/Temp/chromatic--18448-ZJPHpU2L9HdR/[22m[36massets/preview-DNpCpRPf.js           [39m[1m[2m  3.34 kB[22m[1m[22m
[2mC:/Users/Ale/AppData/Local/Temp/chromatic--18448-ZJPHpU2L9HdR/[22m[36massets/Page.stories-ak4dO2g7.js      [39m[1m[2m  3.43 kB[22m[1m[22m
[2mC:/Users/Ale/AppData/Local/Temp/chromatic--18448-ZJPHpU2L9HdR/[22m[36massets/iframe-CWAAAWJL.js            [39m[1m[2m  4.22 kB[22m[1m[22m
[2mC:/Users/Ale/AppData/Local/Temp/chromatic--18448-ZJPHpU2L9HdR/[22m[36massets/index-DhrokLn_.js             [39m[1m[2m  6.78 kB[22m[1m[22m
[2mC:/Users/Ale/AppData/Local/Temp/chromatic--18448-ZJPHpU2L9HdR/[22m[36massets/preview-BAz7FMXc.js           [39m[1m[2m  7.62 kB[22m[1m[22m
[2mC:/Users/Ale/AppData/Local/Temp/chromatic--18448-ZJPHpU2L9HdR/[22m[36massets/preview-sVLxC_Lr.js           [39m[1m[2m  8.07 kB[22m[1m[22m
[2mC:/Users/Ale/AppData/Local/Temp/chromatic--18448-ZJPHpU2L9HdR/[22m[36massets/entry-preview-BwqRf1Je.js     [39m[1m[2m135.61 kB[22m[1m[22m
[2mC:/Users/Ale/AppData/Local/Temp/chromatic--18448-ZJPHpU2L9HdR/[22m[36massets/axe-Bmtiezxu.js               [39m[1m[33m556.30 kB[39m[22m
[2mC:/Users/Ale/AppData/Local/Temp/chromatic--18448-ZJPHpU2L9HdR/[22m[36massets/index-CDavW7r9.js             [39m[1m[33m582.01 kB[39m[22m
[32m✓ built in 4.70s[39m
info => Preview built (5.05 s)
info => Output directory: C:\Users\Ale\AppData\Local\Temp\chromatic--18448-ZJPHpU2L9HdR
